 Performance counter stats for './common data/testfile data/testfile1':

            10,734      context-switches          #    0.006 K/sec                  
      1,815,192.94 msec cpu-clock                 #    1.000 CPUs utilized          
 1,815,329,341,878 ns   duration_time             # 1000.075 M/sec                  
            10,140      page-faults               #    0.006 K/sec                  
 1,027,277,649,480      L1-dcache-loads           #  565.933 M/sec                    (44.44%)
   174,828,876,319      L1-dcache-load-misses     #   17.02% of all L1-dcache hits    (44.44%)
    87,158,182,455      LLC-loads                 #   48.016 M/sec                    (44.44%)
    16,344,459,801      LLC-load-misses           #   18.75% of all LL-cache hits     (44.44%)
   <not supported>      L1-icache-loads                                             
       409,562,884      L1-icache-load-misses                                         (44.44%)
 1,027,579,639,481      dTLB-loads                #  566.099 M/sec                    (44.44%)
    31,495,608,742      dTLB-load-misses          #    3.07% of all dTLB cache hits   (44.44%)
           194,480      iTLB-loads                #    0.107 K/sec                    (44.44%)
         1,529,625      iTLB-load-misses          #  786.52% of all iTLB cache hits   (44.44%)
   <not supported>      L1-dcache-prefetches                                        
   <not supported>      L1-dcache-prefetch-misses                                   

    1815.329341878 seconds time elapsed

    1809.853625000 seconds user
       0.275860000 seconds sys

